Added Pin To Net: NetName=+24V Pin=C12-1
Added Pin To Net: NetName=AGND Pin=C12-2
Added Pin To Net: NetName=+24V Pin=C13-1
Added Pin To Net: NetName=AGND Pin=C13-2
Added Pin To Net: NetName=Motor_A Pin=Q1-1
Added Pin To Net: NetName=Motor_A Pin=Q1-2
Added Pin To Net: NetName=Motor_A Pin=Q1-3
Added Pin To Net: NetName=GH_A Pin=Q1-4
Added Pin To Net: NetName=+24V Pin=Q1-5
Added Pin To Net: NetName=+24V Pin=Q1-6
Added Pin To Net: NetName=+24V Pin=Q1-7
Added Pin To Net: NetName=+24V Pin=Q1-8
Added Pin To Net: NetName=+24V Pin=Q1-9
Added Pin To Net: NetName=Motor_B Pin=Q2-1
Added Pin To Net: NetName=Motor_B Pin=Q2-2
Added Pin To Net: NetName=Motor_B Pin=Q2-3
Added Pin To Net: NetName=GH_B Pin=Q2-4
Added Pin To Net: NetName=+24V Pin=Q2-5
Added Pin To Net: NetName=+24V Pin=Q2-6
Added Pin To Net: NetName=+24V Pin=Q2-7
Added Pin To Net: NetName=+24V Pin=Q2-8
Added Pin To Net: NetName=+24V Pin=Q2-9
Added Pin To Net: NetName=Motor_C Pin=Q3-1
Added Pin To Net: NetName=Motor_C Pin=Q3-2
Added Pin To Net: NetName=Motor_C Pin=Q3-3
Added Pin To Net: NetName=GH_C Pin=Q3-4
Added Pin To Net: NetName=+24V Pin=Q3-5
Added Pin To Net: NetName=+24V Pin=Q3-6
Added Pin To Net: NetName=+24V Pin=Q3-7
Added Pin To Net: NetName=+24V Pin=Q3-8
Added Pin To Net: NetName=+24V Pin=Q3-9
Added Pin To Net: NetName=SP_A Pin=Q4-1
Added Pin To Net: NetName=SP_A Pin=Q4-2
Added Pin To Net: NetName=SP_A Pin=Q4-3
Added Pin To Net: NetName=GL_A Pin=Q4-4
Added Pin To Net: NetName=Motor_A Pin=Q4-5
Added Pin To Net: NetName=Motor_A Pin=Q4-6
Added Pin To Net: NetName=Motor_A Pin=Q4-7
Added Pin To Net: NetName=Motor_A Pin=Q4-8
Added Pin To Net: NetName=Motor_A Pin=Q4-9
Added Pin To Net: NetName=SP_B Pin=Q5-1
Added Pin To Net: NetName=SP_B Pin=Q5-2
Added Pin To Net: NetName=SP_B Pin=Q5-3
Added Pin To Net: NetName=GL_B Pin=Q5-4
Added Pin To Net: NetName=Motor_B Pin=Q5-5
Added Pin To Net: NetName=Motor_B Pin=Q5-6
Added Pin To Net: NetName=Motor_B Pin=Q5-7
Added Pin To Net: NetName=Motor_B Pin=Q5-8
Added Pin To Net: NetName=Motor_B Pin=Q5-9
Added Pin To Net: NetName=SP_C Pin=Q6-1
Added Pin To Net: NetName=SP_C Pin=Q6-2
Added Pin To Net: NetName=SP_C Pin=Q6-3
Added Pin To Net: NetName=GL_C Pin=Q6-4
Added Pin To Net: NetName=Motor_C Pin=Q6-5
Added Pin To Net: NetName=Motor_C Pin=Q6-6
Added Pin To Net: NetName=Motor_C Pin=Q6-7
Added Pin To Net: NetName=Motor_C Pin=Q6-8
Added Pin To Net: NetName=Motor_C Pin=Q6-9
Added Room: Name=FOC_Drive
