Added Pin To Net: NetName=+5 Pin=C8-2
Added Pin To Net: NetName=+5 Pin=C9-2
Added Pin To Net: NetName=+5 Pin=C15-2
Added Pin To Net: NetName=+5 Pin=C19-1
Added Pin To Net: NetName=+5 Pin=P2-1
Added Pin To Net: NetName=+5 Pin=U2-3
Added Pin To Net: NetName=+5 Pin=U3-3
Added Pin To Net: NetName=+5 Pin=U4-5
Added Pin To Net: NetName=+5 Pin=U5-A4B9
Added Pin To Net: NetName=+5 Pin=U5-B4A9
Added Net: Name=+5
Added Pin To Net: NetName=3.3V Pin=C6-2
Added Pin To Net: NetName=3.3V Pin=C7-2
Added Pin To Net: NetName=3.3V Pin=C10-2
Added Pin To Net: NetName=3.3V Pin=C11-2
Added Pin To Net: NetName=3.3V Pin=C12-2
Added Pin To Net: NetName=3.3V Pin=C13-2
Added Pin To Net: NetName=3.3V Pin=C14-2
Added Pin To Net: NetName=3.3V Pin=C20-2
Added Pin To Net: NetName=3.3V Pin=J1-2
Added Pin To Net: NetName=3.3V Pin=LED1-1
Added Pin To Net: NetName=3.3V Pin=P1-1
Added Pin To Net: NetName=3.3V Pin=P2-2
Added Pin To Net: NetName=3.3V Pin=P3-22
Added Pin To Net: NetName=3.3V Pin=R1-2
Added Pin To Net: NetName=3.3V Pin=R15-1
Added Pin To Net: NetName=3.3V Pin=U1-1
Added Pin To Net: NetName=3.3V Pin=U1-13
Added Pin To Net: NetName=3.3V Pin=U1-19
Added Pin To Net: NetName=3.3V Pin=U1-32
Added Pin To Net: NetName=3.3V Pin=U1-48
Added Pin To Net: NetName=3.3V Pin=U1-64
Added Net: Name=3.3V
Added Pin To Net: NetName=AGND Pin=C14-1
Added Pin To Net: NetName=AGND Pin=P3-21
Added Pin To Net: NetName=AGND Pin=U1-12
Added Net: Name=AGND
Added Pin To Net: NetName=BLK Pin=R14-1
Added Pin To Net: NetName=BLK Pin=U1-50
Added Net: Name=BLK
Added Pin To Net: NetName=CAN1_RX Pin=R5-1
Added Pin To Net: NetName=CAN1_RX Pin=U1-44
Added Net: Name=CAN1_RX
Added Pin To Net: NetName=CAN1_TX Pin=R4-1
Added Pin To Net: NetName=CAN1_TX Pin=U1-45
Added Net: Name=CAN1_TX
Added Pin To Net: NetName=CAN_H Pin=P4-1
Added Pin To Net: NetName=CAN_H Pin=R6-1
Added Pin To Net: NetName=CAN_H Pin=R8-1
Added Pin To Net: NetName=CAN_H Pin=U3-7
Added Net: Name=CAN_H
Added Pin To Net: NetName=CAN_L Pin=P4-2
Added Pin To Net: NetName=CAN_L Pin=R7-2
Added Pin To Net: NetName=CAN_L Pin=R9-2
Added Pin To Net: NetName=CAN_L Pin=U3-6
Added Net: Name=CAN_L
Added Pin To Net: NetName=CS Pin=J1-1
Added Pin To Net: NetName=CS Pin=P2-7
Added Pin To Net: NetName=CS Pin=U1-10
Added Net: Name=CS
Added Pin To Net: NetName=DC Pin=J1-5
Added Pin To Net: NetName=DC Pin=P2-6
Added Pin To Net: NetName=DC Pin=U1-9
Added Net: Name=DC
Added Pin To Net: NetName=GND Pin=C1-2
Added Pin To Net: NetName=GND Pin=C2-2
Added Pin To Net: NetName=GND Pin=C3-1
Added Pin To Net: NetName=GND Pin=C4-1
Added Pin To Net: NetName=GND Pin=C5-2
Added Pin To Net: NetName=GND Pin=C6-1
Added Pin To Net: NetName=GND Pin=C7-1
Added Pin To Net: NetName=GND Pin=C8-1
Added Pin To Net: NetName=GND Pin=C9-1
Added Pin To Net: NetName=GND Pin=C10-1
Added Pin To Net: NetName=GND Pin=C11-1
Added Pin To Net: NetName=GND Pin=C12-1
Added Pin To Net: NetName=GND Pin=C13-1
Added Pin To Net: NetName=GND Pin=C15-1
Added Pin To Net: NetName=GND Pin=C16-1
Added Pin To Net: NetName=GND Pin=C17-1
Added Pin To Net: NetName=GND Pin=C18-2
Added Pin To Net: NetName=GND Pin=C19-2
Added Pin To Net: NetName=GND Pin=C20-1
Added Pin To Net: NetName=GND Pin=J1-7
Added Pin To Net: NetName=GND Pin=P1-4
Added Pin To Net: NetName=GND Pin=P2-3
Added Pin To Net: NetName=GND Pin=Q1-3
Added Pin To Net: NetName=GND Pin=R2-2
Added Pin To Net: NetName=GND Pin=R3-1
Added Pin To Net: NetName=GND Pin=R12-1
Added Pin To Net: NetName=GND Pin=R13-1
Added Pin To Net: NetName=GND Pin=S1-2
Added Pin To Net: NetName=GND Pin=U1-18
Added Pin To Net: NetName=GND Pin=U1-63
Added Pin To Net: NetName=GND Pin=U2-1
Added Pin To Net: NetName=GND Pin=U3-2
Added Pin To Net: NetName=GND Pin=U4-3
Added Pin To Net: NetName=GND Pin=U5-1
Added Pin To Net: NetName=GND Pin=U5-2
Added Pin To Net: NetName=GND Pin=U5-3
Added Pin To Net: NetName=GND Pin=U5-4
Added Pin To Net: NetName=GND Pin=U5-A1B12
Added Pin To Net: NetName=GND Pin=U5-B1A12
Added Net: Name=GND
Added Pin To Net: NetName=GPIO_2 Pin=P3-1
Added Pin To Net: NetName=GPIO_2 Pin=U1-2
Added Net: Name=GPIO_2
Added Pin To Net: NetName=GPIO_3 Pin=P3-2
Added Pin To Net: NetName=GPIO_3 Pin=U1-3
Added Net: Name=GPIO_3
Added Pin To Net: NetName=GPIO_4 Pin=P3-3
Added Pin To Net: NetName=GPIO_4 Pin=U1-4
Added Net: Name=GPIO_4
Added Pin To Net: NetName=GPIO_11 Pin=P3-4
Added Pin To Net: NetName=GPIO_11 Pin=U1-11
Added Net: Name=GPIO_11
Added Pin To Net: NetName=GPIO_14 Pin=P2-14
Added Pin To Net: NetName=GPIO_14 Pin=U1-14
Added Net: Name=GPIO_14
Added Pin To Net: NetName=GPIO_15 Pin=P2-15
Added Pin To Net: NetName=GPIO_15 Pin=U1-15
Added Net: Name=GPIO_15
Added Pin To Net: NetName=GPIO_16 Pin=P2-16
Added Pin To Net: NetName=GPIO_16 Pin=U1-16
Added Net: Name=GPIO_16
Added Pin To Net: NetName=GPIO_17 Pin=P2-17
Added Pin To Net: NetName=GPIO_17 Pin=U1-17
Added Net: Name=GPIO_17
Added Pin To Net: NetName=GPIO_20 Pin=P2-18
Added Pin To Net: NetName=GPIO_20 Pin=U1-20
Added Net: Name=GPIO_20
Added Pin To Net: NetName=GPIO_21 Pin=P2-19
Added Pin To Net: NetName=GPIO_21 Pin=U1-21
Added Net: Name=GPIO_21
Added Pin To Net: NetName=GPIO_22 Pin=P2-20
Added Pin To Net: NetName=GPIO_22 Pin=U1-22
Added Net: Name=GPIO_22
Added Pin To Net: NetName=GPIO_23 Pin=P2-21
Added Pin To Net: NetName=GPIO_23 Pin=U1-23
Added Net: Name=GPIO_23
Added Pin To Net: NetName=GPIO_24 Pin=P2-22
Added Pin To Net: NetName=GPIO_24 Pin=U1-24
Added Net: Name=GPIO_24
Added Pin To Net: NetName=GPIO_25 Pin=P3-5
Added Pin To Net: NetName=GPIO_25 Pin=U1-25
Added Net: Name=GPIO_25
Added Pin To Net: NetName=GPIO_26 Pin=P3-6
Added Pin To Net: NetName=GPIO_26 Pin=U1-26
Added Net: Name=GPIO_26
Added Pin To Net: NetName=GPIO_27 Pin=P3-7
Added Pin To Net: NetName=GPIO_27 Pin=U1-27
Added Net: Name=GPIO_27
Added Pin To Net: NetName=GPIO_28 Pin=P3-8
Added Pin To Net: NetName=GPIO_28 Pin=U1-28
Added Net: Name=GPIO_28
Added Pin To Net: NetName=GPIO_29 Pin=P3-9
Added Pin To Net: NetName=GPIO_29 Pin=U1-29
Added Net: Name=GPIO_29
Added Pin To Net: NetName=GPIO_30 Pin=P3-10
Added Pin To Net: NetName=GPIO_30 Pin=U1-30
Added Net: Name=GPIO_30
Added Pin To Net: NetName=GPIO_33 Pin=P3-11
Added Pin To Net: NetName=GPIO_33 Pin=U1-33
Added Net: Name=GPIO_33
Added Pin To Net: NetName=GPIO_37 Pin=P3-12
Added Pin To Net: NetName=GPIO_37 Pin=U1-37
Added Net: Name=GPIO_37
Added Pin To Net: NetName=GPIO_38 Pin=P3-13
Added Pin To Net: NetName=GPIO_38 Pin=U1-38
Added Net: Name=GPIO_38
Added Pin To Net: NetName=GPIO_39 Pin=P3-14
Added Pin To Net: NetName=GPIO_39 Pin=U1-39
Added Net: Name=GPIO_39
Added Pin To Net: NetName=GPIO_40 Pin=P3-15
Added Pin To Net: NetName=GPIO_40 Pin=U1-40
Added Net: Name=GPIO_40
Added Pin To Net: NetName=GPIO_52 Pin=P2-5
Added Pin To Net: NetName=GPIO_52 Pin=U1-52
Added Net: Name=GPIO_52
Added Pin To Net: NetName=GPIO_54 Pin=P2-4
Added Pin To Net: NetName=GPIO_54 Pin=U1-54
Added Net: Name=GPIO_54
Added Pin To Net: NetName=GPIO_55 Pin=P3-16
Added Pin To Net: NetName=GPIO_55 Pin=U1-55
Added Net: Name=GPIO_55
Added Pin To Net: NetName=GPIO_56 Pin=P3-17
Added Pin To Net: NetName=GPIO_56 Pin=U1-56
Added Net: Name=GPIO_56
Added Pin To Net: NetName=GPIO_57 Pin=P3-18
Added Pin To Net: NetName=GPIO_57 Pin=U1-57
Added Net: Name=GPIO_57
Added Pin To Net: NetName=GPIO_61 Pin=P3-19
Added Pin To Net: NetName=GPIO_61 Pin=U1-61
Added Net: Name=GPIO_61
Added Pin To Net: NetName=GPIO_62 Pin=P3-20
Added Pin To Net: NetName=GPIO_62 Pin=U1-62
Added Net: Name=GPIO_62
Added Pin To Net: NetName=LEDK Pin=J1-8
Added Pin To Net: NetName=LEDK Pin=R16-2
Added Net: Name=LEDK
Added Pin To Net: NetName=NetC1_1 Pin=C1-1
Added Pin To Net: NetName=NetC1_1 Pin=U1-5
Added Pin To Net: NetName=NetC1_1 Pin=XT1-1
Added Net: Name=NetC1_1
Added Pin To Net: NetName=NetC2_1 Pin=C2-1
Added Pin To Net: NetName=NetC2_1 Pin=U1-6
Added Pin To Net: NetName=NetC2_1 Pin=XT1-2
Added Net: Name=NetC2_1
Added Pin To Net: NetName=NetC3_2 Pin=C3-2
Added Pin To Net: NetName=NetC3_2 Pin=U1-31
Added Net: Name=NetC3_2
Added Pin To Net: NetName=NetC4_2 Pin=C4-2
Added Pin To Net: NetName=NetC4_2 Pin=U1-47
Added Net: Name=NetC4_2
Added Pin To Net: NetName=NetC5_1 Pin=C5-1
Added Pin To Net: NetName=NetC5_1 Pin=R1-1
Added Pin To Net: NetName=NetC5_1 Pin=S1-1
Added Pin To Net: NetName=NetC5_1 Pin=U1-7
Added Net: Name=NetC5_1
Added Pin To Net: NetName=NetC16_2 Pin=C16-2
Added Pin To Net: NetName=NetC16_2 Pin=R6-2
Added Pin To Net: NetName=NetC16_2 Pin=R7-1
Added Net: Name=NetC16_2
Added Pin To Net: NetName=NetC17_2 Pin=C17-2
Added Pin To Net: NetName=NetC17_2 Pin=R8-2
Added Pin To Net: NetName=NetC17_2 Pin=R9-1
Added Net: Name=NetC17_2
Added Pin To Net: NetName=NetC18_1 Pin=C18-1
Added Pin To Net: NetName=NetC18_1 Pin=U4-8
Added Net: Name=NetC18_1
Added Pin To Net: NetName=NetLED1_2 Pin=LED1-2
Added Pin To Net: NetName=NetLED1_2 Pin=R3-2
Added Net: Name=NetLED1_2
Added Pin To Net: NetName=NetP1_2 Pin=P1-2
Added Pin To Net: NetName=NetP1_2 Pin=R10-2
Added Net: Name=NetP1_2
Added Pin To Net: NetName=NetP1_3 Pin=P1-3
Added Pin To Net: NetName=NetP1_3 Pin=R11-2
Added Net: Name=NetP1_3
Added Pin To Net: NetName=NetQ1_1 Pin=Q1-1
Added Pin To Net: NetName=NetQ1_1 Pin=R16-1
Added Net: Name=NetQ1_1
Added Pin To Net: NetName=NetQ1_2 Pin=Q1-2
Added Pin To Net: NetName=NetQ1_2 Pin=R14-2
Added Pin To Net: NetName=NetQ1_2 Pin=R15-2
Added Net: Name=NetQ1_2
Added Pin To Net: NetName=NetR2_1 Pin=R2-1
Added Pin To Net: NetName=NetR2_1 Pin=U1-60
Added Net: Name=NetR2_1
Added Pin To Net: NetName=NetR4_2 Pin=R4-2
Added Pin To Net: NetName=NetR4_2 Pin=U3-1
Added Net: Name=NetR4_2
Added Pin To Net: NetName=NetR5_2 Pin=R5-2
Added Pin To Net: NetName=NetR5_2 Pin=U3-4
Added Net: Name=NetR5_2
Added Pin To Net: NetName=NetR12_2 Pin=R12-2
Added Pin To Net: NetName=NetR12_2 Pin=U5-B5
Added Net: Name=NetR12_2
Added Pin To Net: NetName=NetR13_2 Pin=R13-2
Added Pin To Net: NetName=NetR13_2 Pin=U5-A5
Added Net: Name=NetR13_2
Added Pin To Net: NetName=RES Pin=J1-6
Added Pin To Net: NetName=RES Pin=U1-8
Added Net: Name=RES
Added Pin To Net: NetName=SPI3_MOSI Pin=J1-4
Added Pin To Net: NetName=SPI3_MOSI Pin=U1-53
Added Net: Name=SPI3_MOSI
Added Pin To Net: NetName=SPI3_SCK Pin=J1-3
Added Pin To Net: NetName=SPI3_SCK Pin=U1-51
Added Net: Name=SPI3_SCK
Added Pin To Net: NetName=SWCLK Pin=R11-1
Added Pin To Net: NetName=SWCLK Pin=U1-49
Added Net: Name=SWCLK
Added Pin To Net: NetName=SWDIO Pin=R10-1
Added Pin To Net: NetName=SWDIO Pin=U1-46
Added Net: Name=SWDIO
Added Pin To Net: NetName=TIM1_CH1N Pin=P2-11
Added Pin To Net: NetName=TIM1_CH1N Pin=U1-34
Added Net: Name=TIM1_CH1N
Added Pin To Net: NetName=TIM1_CH1 Pin=P2-8
Added Pin To Net: NetName=TIM1_CH1 Pin=U1-41
Added Net: Name=TIM1_CH1
Added Pin To Net: NetName=TIM1_CH2N Pin=P2-12
Added Pin To Net: NetName=TIM1_CH2N Pin=U1-35
Added Net: Name=TIM1_CH2N
Added Pin To Net: NetName=TIM1_CH2 Pin=P2-9
Added Pin To Net: NetName=TIM1_CH2 Pin=U1-42
Added Net: Name=TIM1_CH2
Added Pin To Net: NetName=TIM1_CH3N Pin=P2-13
Added Pin To Net: NetName=TIM1_CH3N Pin=U1-36
Added Net: Name=TIM1_CH3N
Added Pin To Net: NetName=TIM1_CH3 Pin=P2-10
Added Pin To Net: NetName=TIM1_CH3 Pin=U1-43
Added Net: Name=TIM1_CH3
Added Pin To Net: NetName=USART1_RX Pin=U1-59
Added Pin To Net: NetName=USART1_RX Pin=U4-7
Added Net: Name=USART1_RX
Added Pin To Net: NetName=USART1_TX Pin=U1-58
Added Pin To Net: NetName=USART1_TX Pin=U4-6
Added Net: Name=USART1_TX
Added Pin To Net: NetName=USB_D+ Pin=U4-1
Added Pin To Net: NetName=USB_D+ Pin=U5-A6
Added Pin To Net: NetName=USB_D+ Pin=U5-B6
Added Net: Name=USB_D+
Added Pin To Net: NetName=USB_D- Pin=U4-2
Added Pin To Net: NetName=USB_D- Pin=U5-A7
Added Pin To Net: NetName=USB_D- Pin=U5-B7
Added Net: Name=USB_D-
