Removed Pin From Net: NetName=GND Pin=P2-3
Removed Pin From Net: NetName=GPIO_54 Pin=P2-4
Removed Pin From Net: NetName=GPIO_52 Pin=P2-5
Removed Pin From Net: NetName=DC Pin=P2-6
Removed Pin From Net: NetName=CS Pin=P2-7
Removed Pin From Net: NetName=TIM1_CH1 Pin=P2-8
Removed Pin From Net: NetName=TIM1_CH2 Pin=P2-9
Removed Pin From Net: NetName=TIM1_CH3 Pin=P2-10
Removed Pin From Net: NetName=TIM1_CH1N Pin=P2-11
Removed Pin From Net: NetName=TIM1_CH2N Pin=P2-12
Removed Pin From Net: NetName=TIM1_CH3N Pin=P2-13
Removed Pin From Net: NetName=GPIO_14 Pin=P2-14
Removed Pin From Net: NetName=GPIO_15 Pin=P2-15
Removed Pin From Net: NetName=GPIO_16 Pin=P2-16
Removed Pin From Net: NetName=GPIO_17 Pin=P2-17
Removed Pin From Net: NetName=GPIO_20 Pin=P2-18
Removed Pin From Net: NetName=GPIO_21 Pin=P2-19
Removed Pin From Net: NetName=GPIO_22 Pin=P2-20
Removed Pin From Net: NetName=GPIO_23 Pin=P2-21
Removed Pin From Net: NetName=GPIO_24 Pin=P2-22
Removed Pin From Net: NetName=GPIO_2 Pin=P3-1
Removed Pin From Net: NetName=GPIO_3 Pin=P3-2
Removed Pin From Net: NetName=GPIO_4 Pin=P3-3
Removed Pin From Net: NetName=GPIO_11 Pin=P3-4
Removed Pin From Net: NetName=GPIO_25 Pin=P3-5
Removed Pin From Net: NetName=GPIO_26 Pin=P3-6
Removed Pin From Net: NetName=GPIO_27 Pin=P3-7
Removed Pin From Net: NetName=GPIO_28 Pin=P3-8
Removed Pin From Net: NetName=GPIO_29 Pin=P3-9
Removed Pin From Net: NetName=GPIO_30 Pin=P3-10
Removed Pin From Net: NetName=GPIO_33 Pin=P3-11
Removed Pin From Net: NetName=GPIO_37 Pin=P3-12
Removed Pin From Net: NetName=GPIO_38 Pin=P3-13
Removed Pin From Net: NetName=GPIO_39 Pin=P3-14
Removed Pin From Net: NetName=GPIO_40 Pin=P3-15
Removed Pin From Net: NetName=GPIO_55 Pin=P3-16
Removed Pin From Net: NetName=GPIO_56 Pin=P3-17
Removed Pin From Net: NetName=GPIO_57 Pin=P3-18
Removed Pin From Net: NetName=GPIO_61 Pin=P3-19
Removed Pin From Net: NetName=GPIO_62 Pin=P3-20
Removed Pin From Net: NetName=AGND Pin=P3-21
Added Pin To Net: NetName=GPIO_21 Pin=P2-3
Added Pin To Net: NetName=GPIO_20 Pin=P2-4
Added Pin To Net: NetName=GPIO_17 Pin=P2-5
Added Pin To Net: NetName=GPIO_16 Pin=P2-6
Added Pin To Net: NetName=GPIO_15 Pin=P2-7
Added Pin To Net: NetName=GPIO_14 Pin=P2-8
Added Pin To Net: NetName=AGND Pin=P2-9
Added Pin To Net: NetName=GPIO_11 Pin=P2-10
Added Pin To Net: NetName=CS Pin=P2-11
Added Pin To Net: NetName=DC Pin=P2-12
Added Pin To Net: NetName=GPIO_4 Pin=P2-13
Added Pin To Net: NetName=GPIO_3 Pin=P2-14
Added Pin To Net: NetName=GPIO_2 Pin=P2-15
Added Pin To Net: NetName=GPIO_62 Pin=P2-16
Added Pin To Net: NetName=GPIO_61 Pin=P2-17
Added Pin To Net: NetName=GPIO_57 Pin=P2-18
Added Pin To Net: NetName=GPIO_56 Pin=P2-19
Added Pin To Net: NetName=GPIO_55 Pin=P2-20
Added Pin To Net: NetName=GPIO_54 Pin=P2-21
Added Pin To Net: NetName=GPIO_52 Pin=P2-22
Added Pin To Net: NetName=GPIO_22 Pin=P3-1
Added Pin To Net: NetName=GPIO_23 Pin=P3-2
Added Pin To Net: NetName=GPIO_24 Pin=P3-3
Added Pin To Net: NetName=GPIO_25 Pin=P3-4
Added Pin To Net: NetName=GPIO_26 Pin=P3-5
Added Pin To Net: NetName=GPIO_27 Pin=P3-6
Added Pin To Net: NetName=GPIO_28 Pin=P3-7
Added Pin To Net: NetName=GPIO_29 Pin=P3-8
Added Pin To Net: NetName=GPIO_30 Pin=P3-9
Added Pin To Net: NetName=GPIO_33 Pin=P3-10
Added Pin To Net: NetName=TIM1_CH1N Pin=P3-11
Added Pin To Net: NetName=TIM1_CH2N Pin=P3-12
Added Pin To Net: NetName=TIM1_CH3N Pin=P3-13
Added Pin To Net: NetName=GPIO_37 Pin=P3-14
Added Pin To Net: NetName=GPIO_38 Pin=P3-15
Added Pin To Net: NetName=GPIO_39 Pin=P3-16
Added Pin To Net: NetName=GPIO_40 Pin=P3-17
Added Pin To Net: NetName=TIM1_CH2 Pin=P3-18
Added Pin To Net: NetName=TIM1_CH3 Pin=P3-19
Added Pin To Net: NetName=TIM1_CH1 Pin=P3-20
Added Pin To Net: NetName=GND Pin=P3-21
Added Room: Name=Sheet1
